2012-Apr-01 21:52:40.188 INFO	core	Dwarf Therapist "0.6.12" starting normally. [src/dwarftherapist.cpp:100] (setup_logging)
2012-Apr-01 21:52:40.413 INFO	core	Loaded 4 views from disk [src/viewmanager.cpp:128] (reload_views)
2012-Apr-01 21:52:40.462 DEBUG	core	"redrew views in 49ms" [src/viewmanager.cpp:160] (draw_views)
2012-Apr-01 21:52:40.471 DEBUG	core	setting up connections for MainWindow [src/mainwindow.cpp:105] (MainWindow)
2012-Apr-01 21:52:40.474 DEBUG	core	group_by now set to 5 [src/models/dwarfmodel.cpp:456] (set_group_by)
2012-Apr-01 21:52:40.503 DEBUG	core	group_by now set to 5 [src/models/dwarfmodel.cpp:456] (set_group_by)
2012-Apr-01 21:52:40.537 DEBUG	core	beginning to read settings [src/dwarftherapist.cpp:122] (read_settings)
2012-Apr-01 21:52:40.538 DEBUG	core	finished reading settings [src/dwarftherapist.cpp:168] (read_settings)
2012-Apr-01 21:52:40.747 DEBUG	core	attempting connection to running DF game [src/mainwindow.cpp:216] (connect_to_df)
2012-Apr-01 21:52:40.761 DEBUG	core	valid_flags_2 count:  1 [src/memorylayout.cpp:76] (load_data)
2012-Apr-01 21:52:40.762 DEBUG	core	adding valid layout "v0.34.07" "0x20d42b0f" [src/dfinstance.cpp:98] (DFInstance)
2012-Apr-01 21:52:40.804 DEBUG	core	valid_flags_2 count:  1 [src/memorylayout.cpp:76] (load_data)
2012-Apr-01 21:52:40.805 DEBUG	core	adding valid layout "v0.34.06" "0x8a93b19d" [src/dfinstance.cpp:98] (DFInstance)
2012-Apr-01 21:52:40.833 DEBUG	core	valid_flags_2 count:  1 [src/memorylayout.cpp:76] (load_data)
2012-Apr-01 21:52:40.833 DEBUG	core	adding valid layout "v0.34.05" "0x3db6627a" [src/dfinstance.cpp:98] (DFInstance)
2012-Apr-01 21:52:40.834 DEBUG	core	valid_flags_2 count:  1 [src/memorylayout.cpp:76] (load_data)
2012-Apr-01 21:52:40.835 DEBUG	core	adding valid layout "v0.34.04" "0xdf8202f3" [src/dfinstance.cpp:98] (DFInstance)
2012-Apr-01 21:52:40.836 DEBUG	core	Found running copy, pid: 12664 path: "/Users/jrtomsic/Downloads/Dwarf Fortress/DwarfFortress.app/Contents/Resources/./dwarfort.exe" [src/dfinstanceosx.mm:236] (find_running_copy)
2012-Apr-01 21:52:40.838 DEBUG	core	Mapped  419  memory regions. [src/dfinstanceosx.mm:296] (map_virtual_memory)
2012-Apr-01 21:52:41.210 DEBUG	core	DF's checksum is: "0x20d42b0f" [src/dfinstance.cpp:876] (get_memory_layout)
2012-Apr-01 21:52:41.211 INFO	core	Detected Dwarf Fortress version "v0.34.07" using MemoryLayout from "/Users/jrtomsic/Downloads/Dwarf Fortress/DwarfTherapist.app/Contents/MacOS/etc/memory_layouts/osx/v0.34.07.ini" [src/dfinstance.cpp:888] (get_memory_layout)
2012-Apr-01 21:52:41.234 DEBUG	core	Connection to DF version "v0.34.07" established. [src/mainwindow.cpp:243] (connect_to_df)
2012-Apr-01 21:52:41.234 DEBUG	core	Loading language translation tables [src/dwarftherapist.cpp:318] (load_game_translation_tables)
2012-Apr-01 21:52:41.234 DEBUG	core	Loading generic strings from 15bf928 [src/dwarftherapist.cpp:332] (load_game_translation_tables)
2012-Apr-01 21:52:41.236 DEBUG	core	generic words 2173 [src/dwarftherapist.cpp:334] (load_game_translation_tables)
2012-Apr-01 21:52:41.490 DEBUG	core	FOUND LANG ENTRY 18ba4b90 "DWARF" [src/dwarftherapist.cpp:346] (load_game_translation_tables)
2012-Apr-01 21:52:41.490 DEBUG	core	FOUND LANG ENTRY 18bd78e0 "ELF" [src/dwarftherapist.cpp:346] (load_game_translation_tables)
2012-Apr-01 21:52:41.490 DEBUG	core	FOUND LANG ENTRY 18ba46b0 "GOBLIN" [src/dwarftherapist.cpp:346] (load_game_translation_tables)
2012-Apr-01 21:52:41.490 DEBUG	core	FOUND LANG ENTRY 18ba44b0 "HUMAN" [src/dwarftherapist.cpp:346] (load_game_translation_tables)
2012-Apr-01 21:52:41.491 DEBUG	core	Loading dwarf strings from 18ba4bac [src/dwarftherapist.cpp:351] (load_game_translation_tables)
2012-Apr-01 21:52:41.492 DEBUG	core	dwarf words 2173 [src/dwarftherapist.cpp:353] (load_game_translation_tables)
2012-Apr-01 21:52:41.516 INFO	core	Reading some game raws... [src/dfinstance.cpp:286] (read_raws)
2012-Apr-01 21:52:41.517 WARNING	core	File:  "reaction_other.txt"  does not exist.  Some functionality may not be available! [src/raws/rawreader.cpp:24] (read_objects)
2012-Apr-01 21:52:41.517 DEBUG	core	Read  0  reactions [src/gamedatareader.cpp:258] (read_raws)
2012-Apr-01 21:52:41.517 DEBUG	core	loading creatures from  "0x0157e5ec" "0x0157e5ec" (UNCORRECTED) [src/dfinstance.cpp:321] (load_dwarves)
2012-Apr-01 21:52:41.517 DEBUG	core	dwarf race index "0x01565f60" "0x01565f60" (UNCORRECTED) [src/dfinstance.cpp:323] (load_dwarves)
2012-Apr-01 21:52:41.518 DEBUG	core	dwarf race: "0x000001d1" [src/dfinstance.cpp:330] (load_dwarves)
2012-Apr-01 21:52:41.521 DEBUG	core	FOUND DWARF "0x255e5600" "Kadol Enolgoden" [src/dfinstance.cpp:342] (load_dwarves)
2012-Apr-01 21:52:41.522 DEBUG	core	FOUND DWARF "0x255e6000" "Urvad Udosakrul" [src/dfinstance.cpp:342] (load_dwarves)
2012-Apr-01 21:52:41.523 DEBUG	core	FOUND DWARF "0x255e6a00" "Mafol Bomrekbunem" [src/dfinstance.cpp:342] (load_dwarves)
2012-Apr-01 21:52:41.524 DEBUG	core	FOUND DWARF "0x255e7400" "Olin Kilrudmozir" [src/dfinstance.cpp:342] (load_dwarves)
2012-Apr-01 21:52:41.525 DEBUG	core	FOUND DWARF "0x255e7e00" "Sibrek Amidkikrost" [src/dfinstance.cpp:342] (load_dwarves)
2012-Apr-01 21:52:41.526 DEBUG	core	FOUND DWARF "0x255e8800" "Ilral Lanirolin" [src/dfinstance.cpp:342] (load_dwarves)
2012-Apr-01 21:52:41.527 DEBUG	core	FOUND DWARF "0x255e9200" "Nil Komanerith" [src/dfinstance.cpp:342] (load_dwarves)
2012-Apr-01 21:52:41.529 INFO	core	found 7 dwarves out of 61 creatures [src/dfinstance.cpp:354] (load_dwarves)
2012-Apr-01 21:52:41.529 DEBUG	core	loading squads from  "0x015bc4f4" "0x015bc4f4" (UNCORRECTED) [src/dfinstance.cpp:386] (load_squads)
2012-Apr-01 21:52:41.530 INFO	core	Found 0 squads out of 0 [src/dfinstance.cpp:411] (load_squads)
2012-Apr-01 23:05:36.103 INFO	core	Beginning shutdown [src/mainwindow.cpp:206] (closeEvent)
2012-Apr-01 23:05:36.103 DEBUG	core	beginning to write settings [src/mainwindow.cpp:190] (write_settings)
2012-Apr-01 23:05:36.104 DEBUG	core	finished writing settings [src/mainwindow.cpp:201] (write_settings)
2012-Apr-01 23:05:36.104 INFO	core	Closing Dwarf Therapist normally [src/mainwindow.cpp:212] (closeEvent)
